
> frontend@0.0.0 prestart
> node scripts/generate-env.mjs

Generated src\environments\environment.ts from .env.

> frontend@0.0.0 start
> ng serve --port 4200 --host 127.0.0.1

[33m>[39m Building...
[32m√[39m Building...
[1mInitial chunk files[22m[2m | [22m[1mNames[22m                              [2m | [22m [1mRaw size[22m
[32mstyles.css[39m         [2m | [22m[2mstyles[22m                             [2m | [22m[36m124.66 kB[39m[2m | [22m
[32mmain.js[39m            [2m | [22m[2mmain[22m                               [2m | [22m[36m111.83 kB[39m[2m | [22m
[32mchunk-QTJCLNLT.js[39m  [2m | [22m[2m-[22m                                  [2m | [22m  [36m5.61 kB[39m[2m | [22m
[32mchunk-77S66KP5.js[39m  [2m | [22m[2m-[22m                                  [2m | [22m  [36m4.21 kB[39m[2m | [22m
[32mchunk-MJGZWAYH.js[39m  [2m | [22m[2m-[22m                                  [2m | [22m  [36m3.18 kB[39m[2m | [22m
[32mchunk-FYJDNZ4O.js[39m  [2m | [22m[2m-[22m                                  [2m | [22m  [36m2.73 kB[39m[2m | [22m
[32mchunk-CMF3WAD4.js[39m  [2m | [22m[2m-[22m                                  [2m | [22m  [36m1.83 kB[39m[2m | [22m
[32mchunk-IZ7YPWHR.js[39m  [2m | [22m[2m-[22m                                  [2m | [22m  [36m1.26 kB[39m[2m | [22m
[32mchunk-3SGLFMSY.js[39m  [2m | [22m[2m-[22m                                  [2m | [22m  [36m1.16 kB[39m[2m | [22m

[1m [22m                  [2m | [22m[1mInitial total[22m                      [2m | [22m[1m256.46 kB[22m

[1mLazy chunk files[22m   [2m | [22m[1mNames[22m                              [2m | [22m [1mRaw size[22m
[32mchunk-HCVZJYUT.js[39m  [2m | [22m[2mvendor-products-page-component[22m     [2m | [22m[36m115.16 kB[39m[2m | [22m
[32mchunk-XQCZFJ3C.js[39m  [2m | [22m[2mproduct-detail-component[22m           [2m | [22m [36m94.49 kB[39m[2m | [22m
[32mchunk-FWCY4E2B.js[39m  [2m | [22m[2mvendor-profile-page-component[22m      [2m | [22m [36m85.98 kB[39m[2m | [22m
[32mchunk-7YX64MAK.js[39m  [2m | [22m[2mhome-component[22m                     [2m | [22m [36m73.18 kB[39m[2m | [22m
[32mchunk-GO6GVI6Y.js[39m  [2m | [22m[2mcustomer-profile-component[22m         [2m | [22m [36m59.15 kB[39m[2m | [22m
[32mchunk-JJZN6OQ5.js[39m  [2m | [22m[2mvendor-categories-page-component[22m   [2m | [22m [36m55.35 kB[39m[2m | [22m
[32mchunk-VELQFHMZ.js[39m  [2m | [22m[2mvendor-add-product-component[22m       [2m | [22m [36m52.87 kB[39m[2m | [22m
[32mchunk-V6IKLYYX.js[39m  [2m | [22m[2mvendor-initial-setup-page-component[22m[2m | [22m [36m46.98 kB[39m[2m | [22m
[32mchunk-Y6RUGG6G.js[39m  [2m | [22m[2m-[22m                                  [2m | [22m [36m46.97 kB[39m[2m | [22m
[32mchunk-HSBTOLES.js[39m  [2m | [22m[2maddresses-component[22m                [2m | [22m [36m44.80 kB[39m[2m | [22m
[32mchunk-FQ6JOEWM.js[39m  [2m | [22m[2mcheckout-component[22m                 [2m | [22m [36m37.01 kB[39m[2m | [22m
[32mchunk-VFTCICJF.js[39m  [2m | [22m[2mvendor-edit-product-page-component[22m [2m | [22m [36m28.76 kB[39m[2m | [22m
[32mchunk-KI32C2RO.js[39m  [2m | [22m[2mvendor-orders-page-component[22m       [2m | [22m [36m27.23 kB[39m[2m | [22m
[32mchunk-HUJNIAOC.js[39m  [2m | [22m[2morder-detail-component[22m             [2m | [22m [36m26.25 kB[39m[2m | [22m
[32mchunk-XOGUJWWG.js[39m  [2m | [22m[2mvendor-dashboard-component[22m         [2m | [22m [36m25.65 kB[39m[2m | [22m
[2m...and 14 more lazy chunks files. Use "--verbose" to show all the files.[22m

Application bundle generation complete. [16.396 seconds] - 2026-04-03T09:51:49.289Z

Watch mode enabled. Watching for file changes...
NOTE: Raw file sizes do not reflect development server per-request transformations.
  [32m➜[39m  [1mLocal[22m:   [36mhttp://127.0.0.1:[1m4200[22m/[39m
[2m[32m  ➜[39m[22m[2m  press [22m[1mh + enter[22m[2m to show help[22m
